<?xml version="1.0" encoding="UTF-8" ?>
<testsuites>
<testsuite name="Shopping Cart Test Suite" errors="0" tests="0" failures="0" time="0" timestamp="2015-10-13T10:48:21">
</testsuite>
<testsuite name="Shopping Cart Test Suite.Checks different tests within the Order Flow" errors="0" tests="2" failures="0" time="13.849" timestamp="2015-10-13T10:48:07">
  <testcase classname="Shopping Cart Test Suite.Checks different tests within the Order Flow" name="searches for a domain" time="8.166"></testcase>
  <testcase classname="Shopping Cart Test Suite.Checks different tests within the Order Flow" name="selects the domain from the domain search result and adds to the cart" time="5.683"></testcase>
</testsuite>
</testsuites>